1425152980490 - phpunit::main(583) - Could not create database connection, Error: SQLSTATE[HY000] [1130] Host 'localhost' is not allowed to connect to this MySQL server
1425152981507 - phpunit::main(583) - Could not create database connection, Error: SQLSTATE[HY000] [1130] Host 'localhost' is not allowed to connect to this MySQL server
1425153405615 - install.php::install(22) - Could not create database connection, Error: SQLSTATE[HY000] [2002] No connection could be made because the target machine actively refused it.

1425153457472 - install.php::install(22) - Could not create database connection, Error: SQLSTATE[HY000] [2002] No connection could be made because the target machine actively refused it.

1425154243907 - install.php::install(22) - Could not create database connection, Error: SQLSTATE[HY000] [1130] Host 'localhost' is not allowed to connect to this MySQL server
1425154389588 - installWindows.php::install(10) - Could not create database connection, Error: SQLSTATE[HY000] [1130] Host 'localhost' is not allowed to connect to this MySQL server
1425472288748 - install.php::install(22) - Could not create database connection, Error: SQLSTATE[HY000] [1045] Access denied for user 'val_framework'@'localhost' (using password: YES)
1425472565310 - install.php::install(25) - Could not create database connection, Error: SQLSTATE[HY000] [1045] Access denied for user 'val_framework'@'localhost' (using password: YES)
1425474432906 - install.php::install(25) - Could not create database connection, Error: SQLSTATE[HY000] [1045] Access denied for user 'val_framework'@'localhost' (using password: YES)
1425474675866 - install.php::install(25) - Sql:GRANT SELECT, INSERT, UPDATE, DELETE ON `val_framework`.* TO 'val_framework'@'localhost';
FLUSH PRIVILEGES; 
Error: array (
  0 => '00000',
  1 => NULL,
  2 => NULL,
)
1425474676034 - install.php::install(27) - Sql:GRANT SELECT, INSERT, UPDATE, DELETE ON `val_framework_test`.* TO 'val_framework'@'localhost';
FLUSH PRIVILEGES; 
Error: array (
  0 => '00000',
  1 => NULL,
  2 => NULL,
)
1425474842648 - phpunit::main(46) - Could not create database connection, Error: SQLSTATE[HY000] [1045] Access denied for user 'val_framework'@'localhost' (using password: YES)
1425474842653 - phpunit::main(46) - Could not create database connection, Error: SQLSTATE[HY000] [1045] Access denied for user 'val_framework'@'localhost' (using password: YES)
1425475460862 - phpunit::main(46) - Could not create database connection, Error: SQLSTATE[HY000] [1045] Access denied for user 'val_framework'@'localhost' (using password: YES)
1425475460872 - phpunit::main(46) - Could not create database connection, Error: SQLSTATE[HY000] [1045] Access denied for user 'val_framework'@'localhost' (using password: YES)
1425475468110 - phpunit::main(46) - Could not create database connection, Error: SQLSTATE[HY000] [1045] Access denied for user 'val_framework'@'localhost' (using password: YES)
1425475468112 - phpunit::main(46) - Could not create database connection, Error: SQLSTATE[HY000] [1045] Access denied for user 'val_framework'@'localhost' (using password: YES)
1425497979100 - phpunit::main(46) - Could not create database connection, Error: SQLSTATE[HY000] [1045] Access denied for user 'val_framework'@'localhost' (using password: YES)
1425497979112 - phpunit::main(46) - Could not create database connection, Error: SQLSTATE[HY000] [1045] Access denied for user 'val_framework'@'localhost' (using password: YES)
1425498463010 - phpunit::main(46) - Could not create database connection, Error: SQLSTATE[HY000] [1045] Access denied for user 'val_framework'@'localhost' (using password: YES)
1425498463022 - phpunit::main(46) - Could not create database connection, Error: SQLSTATE[HY000] [1045] Access denied for user 'val_framework'@'localhost' (using password: YES)
1425498748385 - install.php::install(25) - Sql:GRANT SELECT, INSERT, UPDATE, DELETE ON `val_framework`.* TO 'val_framework'@'localhost';
GRANT SELECT ON SCHEMATA.* TO 'val_framework'@'localhost';
FLUSH PRIVILEGES; 
Error: array (
  0 => '00000',
  1 => NULL,
  2 => NULL,
)
1425498748403 - install.php::install(27) - Sql:GRANT SELECT, INSERT, UPDATE, DELETE ON `val_framework_test`.* TO 'val_framework'@'localhost';
GRANT SELECT ON SCHEMATA.* TO 'val_framework'@'localhost';
FLUSH PRIVILEGES; 
Error: array (
  0 => '00000',
  1 => NULL,
  2 => NULL,
)
1425498753733 - phpunit::main(46) - Could not create database connection, Error: SQLSTATE[HY000] [1045] Access denied for user 'val_framework'@'localhost' (using password: YES)
1425498753735 - phpunit::main(46) - Could not create database connection, Error: SQLSTATE[HY000] [1045] Access denied for user 'val_framework'@'localhost' (using password: YES)
1425498935159 - phpunit::main(46) - Could not create database connection, Error: SQLSTATE[HY000] [1045] Access denied for user 'val_framework'@'localhost' (using password: YES)
1425498935164 - phpunit::main(46) - Could not create database connection, Error: SQLSTATE[HY000] [1045] Access denied for user 'val_framework'@'localhost' (using password: YES)
1425499063003 - phpunit::main(46) - Could not create database connection, Error: SQLSTATE[HY000] [1045] Access denied for user 'val_framework'@'localhost' (using password: YES)
1425499063012 - phpunit::main(46) - Could not create database connection, Error: SQLSTATE[HY000] [1045] Access denied for user 'val_framework'@'localhost' (using password: YES)
1425499131739 - phpunit::main(46) - Could not create database connection, Error: SQLSTATE[HY000] [1045] Access denied for user 'val_framework'@'localhost' (using password: YES)
1425499131741 - phpunit::main(46) - Could not create database connection, Error: SQLSTATE[HY000] [1045] Access denied for user 'val_framework'@'localhost' (using password: YES)
1425499670768 - phpunit::main(46) - Could not create database connection, Error: SQLSTATE[HY000] [1045] Access denied for user 'val_framework'@'localhost' (using password: YES)
1425499670769 - phpunit::main(46) - Could not create database connection, Error: SQLSTATE[HY000] [1045] Access denied for user 'val_framework'@'localhost' (using password: YES)
1425499823005 - phpunit::main(46) - Could not create database connection, Error: SQLSTATE[HY000] [1045] Access denied for user 'val_framework'@'localhost' (using password: YES)
Connect String: mysql:host=localhost;dbname=val_framework_test
1425499823022 - phpunit::main(46) - Could not create database connection, Error: SQLSTATE[HY000] [1045] Access denied for user 'val_framework'@'localhost' (using password: YES)
Connect String: mysql:host=localhost;dbname=val_framework
1425500275070 - install.php::install(27) - Sql:CREATE USER 'val_framework'@'localhost' IDENTIFIED BY 'P092@47!B;gkJozn8Jis+{e(N';
GRANT SELECT, INSERT, UPDATE, DELETE ON `val_framework_test`.* TO 'val_framework'@'localhost';
GRANT SELECT ON INFORMATION_SCHEMA.SCHEMATA TO 'val_framework'@'localhost';
FLUSH PRIVILEGES; 
Error: array (
  0 => 'HY000',
  1 => 1396,
  2 => 'Operation CREATE USER failed for \'val_framework\'@\'localhost\'',
)
1425500278315 - phpunit::main(46) - Could not create database connection, Error: SQLSTATE[HY000] [1044] Access denied for user 'val_framework'@'localhost' to database 'val_framework_test'
Connect String: mysql:host=localhost;dbname=val_framework_test
1425500278436 - phpunit::main(46) - Could not create database connection, Error: SQLSTATE[HY000] [1044] Access denied for user 'val_framework'@'localhost' to database 'val_framework_test'
Connect String: mysql:host=localhost;dbname=val_framework_test
1425500278453 - phpunit::main(46) - Could not create database connection, Error: SQLSTATE[HY000] [1044] Access denied for user 'val_framework'@'localhost' to database 'val_framework_test'
Connect String: mysql:host=localhost;dbname=val_framework_test
1425500278505 - phpunit::main(46) - Could not create database connection, Error: SQLSTATE[HY000] [1044] Access denied for user 'val_framework'@'localhost' to database 'val_framework_test'
Connect String: mysql:host=localhost;dbname=val_framework_test
1425500885811 - phpunit::main(46) - Could not create database connection, Error: SQLSTATE[HY000] [1044] Access denied for user 'val_framework'@'localhost' to database 'val_framework_test'
Connect String: mysql:host=localhost;dbname=val_framework_test
1425500885821 - phpunit::main(46) - Could not create database connection, Error: SQLSTATE[HY000] [1044] Access denied for user 'val_framework'@'localhost' to database 'val_framework_test'
Connect String: mysql:host=localhost;dbname=val_framework_test
1425500885827 - phpunit::main(46) - Could not create database connection, Error: SQLSTATE[HY000] [1044] Access denied for user 'val_framework'@'localhost' to database 'val_framework_test'
Connect String: mysql:host=localhost;dbname=val_framework_test
1425500981158 - phpunit::main(46) - Could not create database connection, Error: SQLSTATE[HY000] [1044] Access denied for user 'val_framework'@'localhost' to database 'val_framework_test'
Connect String: mysql:host=localhost;dbname=val_framework_test
1425500981170 - phpunit::main(46) - Could not create database connection, Error: SQLSTATE[HY000] [1044] Access denied for user 'val_framework'@'localhost' to database 'val_framework_test'
Connect String: mysql:host=localhost;dbname=val_framework_test
1425500981175 - phpunit::main(46) - Could not create database connection, Error: SQLSTATE[HY000] [1044] Access denied for user 'val_framework'@'localhost' to database 'val_framework_test'
Connect String: mysql:host=localhost;dbname=val_framework_test
1425501321431 - phpunit::main(46) - Could not create database connection, Error: SQLSTATE[HY000] [1044] Access denied for user 'val_framework'@'localhost' to database 'val_framework_test'
Connect String: mysql:host=localhost;dbname=val_framework_test
1425501321461 - phpunit::main(46) - Could not create database connection, Error: SQLSTATE[HY000] [1044] Access denied for user 'val_framework'@'localhost' to database 'val_framework_test'
Connect String: mysql:host=localhost;dbname=val_framework_test
1425501321465 - phpunit::main(46) - Could not create database connection, Error: SQLSTATE[HY000] [1044] Access denied for user 'val_framework'@'localhost' to database 'val_framework_test'
Connect String: mysql:host=localhost;dbname=val_framework_test
1425501562835 - install.php::install(27) - Sql:CREATE USER 'val_framework'@'localhost' IDENTIFIED BY 'P092@47!B;gkJozn8Jis+{e(N';
GRANT SELECT, INSERT, UPDATE, DELETE ON `val_framework_test`.* TO 'val_framework'@'localhost';
GRANT SELECT ON INFORMATION_SCHEMA.SCHEMATA TO 'val_framework'@'localhost';
FLUSH PRIVILEGES; 
Error: array (
  0 => 'HY000',
  1 => 1396,
  2 => 'Operation CREATE USER failed for \'val_framework\'@\'localhost\'',
)
1425501590252 - phpunit::main(46) - Could not create database connection, Error: SQLSTATE[HY000] [1044] Access denied for user 'val_framework'@'localhost' to database 'val_framework_test'
Connect String: mysql:host=localhost;dbname=val_framework_test
1425501590272 - phpunit::main(46) - Could not create database connection, Error: SQLSTATE[HY000] [1044] Access denied for user 'val_framework'@'localhost' to database 'val_framework_test'
Connect String: mysql:host=localhost;dbname=val_framework_test
1425501590286 - phpunit::main(46) - Could not create database connection, Error: SQLSTATE[HY000] [1044] Access denied for user 'val_framework'@'localhost' to database 'val_framework_test'
Connect String: mysql:host=localhost;dbname=val_framework_test
1425501920047 - phpunit::main(46) - Could not create database connection, Error: SQLSTATE[HY000] [1044] Access denied for user 'val_framework'@'localhost' to database 'val_framework_test'
Connect String: mysql:host=localhost;dbname=val_framework_test
1425501920070 - phpunit::main(46) - Could not create database connection, Error: SQLSTATE[HY000] [1044] Access denied for user 'val_framework'@'localhost' to database 'val_framework_test'
Connect String: mysql:host=localhost;dbname=val_framework_test
1425501964692 - phpunit::main(46) - Could not create database connection, Error: SQLSTATE[HY000] [1044] Access denied for user 'val_framework'@'localhost' to database 'val_framework_test'
Connect String: mysql:host=localhost;dbname=val_framework_test
1425501964701 - phpunit::main(46) - Could not create database connection, Error: SQLSTATE[HY000] [1044] Access denied for user 'val_framework'@'localhost' to database 'val_framework_test'
Connect String: mysql:host=localhost;dbname=val_framework_test
1425502165526 - phpunit::main(46) - Could not create database connection, Error: SQLSTATE[HY000] [1044] Access denied for user 'val_framework'@'localhost' to database 'val_framework_test'
Connect String: mysql:host=localhost;dbname=val_framework_test
1425502165545 - phpunit::main(46) - Could not create database connection, Error: SQLSTATE[HY000] [1044] Access denied for user 'val_framework'@'localhost' to database 'val_framework_test'
Connect String: mysql:host=localhost;dbname=val_framework_test
1425502165559 - phpunit::main(46) - Could not create database connection, Error: SQLSTATE[HY000] [1044] Access denied for user 'val_framework'@'localhost' to database 'val_framework_test'
Connect String: mysql:host=localhost;dbname=val_framework_test
1425502417538 - phpunit::main(46) - Could not create database connection, Error: SQLSTATE[HY000] [1044] Access denied for user 'val_framework'@'localhost' to database 'val_framework_test'
Connect String: mysql:host=localhost;dbname=val_framework_test
1425502417690 - phpunit::main(46) - Could not create database connection, Error: SQLSTATE[HY000] [1044] Access denied for user 'val_framework'@'localhost' to database 'val_framework_test'
Connect String: mysql:host=localhost;dbname=val_framework_test
1425502417695 - phpunit::main(46) - Could not create database connection, Error: SQLSTATE[HY000] [1044] Access denied for user 'val_framework'@'localhost' to database 'val_framework_test'
Connect String: mysql:host=localhost;dbname=val_framework_test
1425502443972 - phpunit::main(46) - Could not create database connection, Error: SQLSTATE[HY000] [1044] Access denied for user 'val_framework'@'localhost' to database 'val_framework_test'
Connect String: mysql:host=localhost;dbname=val_framework_test
1425502444023 - phpunit::main(46) - Could not create database connection, Error: SQLSTATE[HY000] [1044] Access denied for user 'val_framework'@'localhost' to database 'val_framework_test'
Connect String: mysql:host=localhost;dbname=val_framework_test
1425502444041 - phpunit::main(46) - Could not create database connection, Error: SQLSTATE[HY000] [1044] Access denied for user 'val_framework'@'localhost' to database 'val_framework_test'
Connect String: mysql:host=localhost;dbname=val_framework_test
1425502597373 - phpunit::main(46) - Could not create database connection, Error: SQLSTATE[HY000] [1044] Access denied for user 'val_framework'@'localhost' to database 'val_framework_test'
Connect String: mysql:host=localhost;dbname=val_framework_test
1425502597424 - phpunit::main(46) - Could not create database connection, Error: SQLSTATE[HY000] [1044] Access denied for user 'val_framework'@'localhost' to database 'val_framework_test'
Connect String: mysql:host=localhost;dbname=val_framework_test
1425502597438 - phpunit::main(46) - Could not create database connection, Error: SQLSTATE[HY000] [1044] Access denied for user 'val_framework'@'localhost' to database 'val_framework_test'
Connect String: mysql:host=localhost;dbname=val_framework_test
1425503553941 - phpunit::main(46) - Could not create database connection, Error: SQLSTATE[HY000] [1044] Access denied for user 'val_framework'@'localhost' to database 'val_framework_test'
Connect String: mysql:host=localhost;dbname=val_framework_test
1425503553980 - phpunit::main(46) - Could not create database connection, Error: SQLSTATE[HY000] [1044] Access denied for user 'val_framework'@'localhost' to database 'val_framework_test'
Connect String: mysql:host=localhost;dbname=val_framework_test
1425503554004 - phpunit::main(46) - Could not create database connection, Error: SQLSTATE[HY000] [1044] Access denied for user 'val_framework'@'localhost' to database 'val_framework_test'
Connect String: mysql:host=localhost;dbname=val_framework_test
1425503701617 - phpunit::main(46) - Could not create database connection, Error: SQLSTATE[HY000] [1044] Access denied for user 'val_framework'@'localhost' to database 'val_framework_test'
Connect String: mysql:host=localhost;dbname=val_framework_test
1425503701660 - phpunit::main(46) - Could not create database connection, Error: SQLSTATE[HY000] [1044] Access denied for user 'val_framework'@'localhost' to database 'val_framework_test'
Connect String: mysql:host=localhost;dbname=val_framework_test
1425503701664 - phpunit::main(46) - Could not create database connection, Error: SQLSTATE[HY000] [1044] Access denied for user 'val_framework'@'localhost' to database 'val_framework_test'
Connect String: mysql:host=localhost;dbname=val_framework_test
1425504342363 - phpunit::main(46) - Could not create database connection, Error: SQLSTATE[HY000] [1044] Access denied for user 'val_framework'@'localhost' to database 'val_framework_test'
Connect String: mysql:host=localhost;dbname=val_framework_test
1425504342382 - phpunit::main(46) - Could not create database connection, Error: SQLSTATE[HY000] [1044] Access denied for user 'val_framework'@'localhost' to database 'val_framework_test'
Connect String: mysql:host=localhost;dbname=val_framework_test
1425504342396 - phpunit::main(46) - Could not create database connection, Error: SQLSTATE[HY000] [1044] Access denied for user 'val_framework'@'localhost' to database 'val_framework_test'
Connect String: mysql:host=localhost;dbname=val_framework_test
1425504342412 - phpunit::main(46) - Could not create database connection, Error: SQLSTATE[HY000] [1044] Access denied for user 'val_framework'@'localhost' to database 'val_framework_test'
Connect String: mysql:host=localhost;dbname=val_framework_test
1425560750606 - install.php::install(25) - PDOStatement::__set_state(array(
   'queryString' => 'CREATE TABLE `module_param` (
			  `module_ref` int(11) NOT NULL DEFAULT \'0\',
			  `param_keyname` varchar(60) NOT NULL DEFAULT \'\',
			  `param_displayname` varchar(100) NOT NULL DEFAULT \'\',
			  `param_type` varchar(16) NOT NULL DEFAULT \'\',
			  `param_default_value` text NOT NULL,
			  `param_desc` text NOT NULL,
			  `range_high` int(11) NOT NULL DEFAULT \'0\',
			  `range_low` int(11) NOT NULL DEFAULT \'0\',
			  `enum_strings` text NOT NULL,
			  `is_required` tinyint(1) NOT NULL DEFAULT \'0\',
			  `is_array` tinyint(1) NOT NULL DEFAULT \'0\',
			  PRIMARY KEY (`module_ref`,`param_keyname`),
			) ENGINE=InnoDB DEFAULT CHARSET=utf8 COLLATE=utf8_unicode_ci;',
))
1425560750606 - install.php::install(25) - Could not create table, Error: array (
  0 => '00000',
  1 => NULL,
  2 => NULL,
)
SQL: CREATE TABLE `module_param` (
			  `module_ref` int(11) NOT NULL DEFAULT '0',
			  `param_keyname` varchar(60) NOT NULL DEFAULT '',
			  `param_displayname` varchar(100) NOT NULL DEFAULT '',
			  `param_type` varchar(16) NOT NULL DEFAULT '',
			  `param_default_value` text NOT NULL,
			  `param_desc` text NOT NULL,
			  `range_high` int(11) NOT NULL DEFAULT '0',
			  `range_low` int(11) NOT NULL DEFAULT '0',
			  `enum_strings` text NOT NULL,
			  `is_required` tinyint(1) NOT NULL DEFAULT '0',
			  `is_array` tinyint(1) NOT NULL DEFAULT '0',
			  PRIMARY KEY (`module_ref`,`param_keyname`),
			) ENGINE=InnoDB DEFAULT CHARSET=utf8 COLLATE=utf8_unicode_ci;
1425560750628 - install.php::install(27) - PDOStatement::__set_state(array(
   'queryString' => 'CREATE TABLE `module_param` (
			  `module_ref` int(11) NOT NULL DEFAULT \'0\',
			  `param_keyname` varchar(60) NOT NULL DEFAULT \'\',
			  `param_displayname` varchar(100) NOT NULL DEFAULT \'\',
			  `param_type` varchar(16) NOT NULL DEFAULT \'\',
			  `param_default_value` text NOT NULL,
			  `param_desc` text NOT NULL,
			  `range_high` int(11) NOT NULL DEFAULT \'0\',
			  `range_low` int(11) NOT NULL DEFAULT \'0\',
			  `enum_strings` text NOT NULL,
			  `is_required` tinyint(1) NOT NULL DEFAULT \'0\',
			  `is_array` tinyint(1) NOT NULL DEFAULT \'0\',
			  PRIMARY KEY (`module_ref`,`param_keyname`),
			) ENGINE=InnoDB DEFAULT CHARSET=utf8 COLLATE=utf8_unicode_ci;',
))
1425560750628 - install.php::install(27) - Could not create table, Error: array (
  0 => '00000',
  1 => NULL,
  2 => NULL,
)
SQL: CREATE TABLE `module_param` (
			  `module_ref` int(11) NOT NULL DEFAULT '0',
			  `param_keyname` varchar(60) NOT NULL DEFAULT '',
			  `param_displayname` varchar(100) NOT NULL DEFAULT '',
			  `param_type` varchar(16) NOT NULL DEFAULT '',
			  `param_default_value` text NOT NULL,
			  `param_desc` text NOT NULL,
			  `range_high` int(11) NOT NULL DEFAULT '0',
			  `range_low` int(11) NOT NULL DEFAULT '0',
			  `enum_strings` text NOT NULL,
			  `is_required` tinyint(1) NOT NULL DEFAULT '0',
			  `is_array` tinyint(1) NOT NULL DEFAULT '0',
			  PRIMARY KEY (`module_ref`,`param_keyname`),
			) ENGINE=InnoDB DEFAULT CHARSET=utf8 COLLATE=utf8_unicode_ci;
1425587140854 - phpunit::main(46) - Could not create database connection, Error: SQLSTATE[HY000] [1044] Access denied for user 'val_framework'@'localhost' to database 'val_framework_test'
Connect String: mysql:host=localhost;dbname=val_framework_test
1425587140871 - phpunit::main(46) - Could not create database connection, Error: SQLSTATE[HY000] [1044] Access denied for user 'val_framework'@'localhost' to database 'val_framework_test'
Connect String: mysql:host=localhost;dbname=val_framework_test
1425587140876 - phpunit::main(46) - Could not create database connection, Error: SQLSTATE[HY000] [1044] Access denied for user 'val_framework'@'localhost' to database 'val_framework_test'
Connect String: mysql:host=localhost;dbname=val_framework_test
1425587140905 - phpunit::main(46) - Could not create database connection, Error: SQLSTATE[HY000] [1044] Access denied for user 'val_framework'@'localhost' to database 'val_framework_test'
Connect String: mysql:host=localhost;dbname=val_framework_test
1425587194218 - phpunit::main(46) - Could not create database connection, Error: SQLSTATE[HY000] [1044] Access denied for user 'val_framework'@'localhost' to database 'val_framework_test'
Connect String: mysql:host=localhost;dbname=val_framework_test
1425587692709 - phpunit::main(46) - Could not create database connection, Error: SQLSTATE[HY000] [1044] Access denied for user 'val_framework'@'localhost' to database 'val_framework_test'
Connect String: mysql:host=localhost;dbname=val_framework_test
1425587692729 - phpunit::main(46) - Could not create database connection, Error: SQLSTATE[HY000] [1044] Access denied for user 'val_framework'@'localhost' to database 'val_framework_test'
Connect String: mysql:host=localhost;dbname=val_framework_test
1425587796383 - phpunit::main(46) - Could not create database connection, Error: SQLSTATE[HY000] [1044] Access denied for user 'val_framework'@'localhost' to database 'val_framework_test'
Connect String: mysql:host=localhost;dbname=val_framework_test
1425587796416 - phpunit::main(46) - Could not create database connection, Error: SQLSTATE[HY000] [1044] Access denied for user 'val_framework'@'localhost' to database 'val_framework_test'
Connect String: mysql:host=localhost;dbname=val_framework_test
1425587796425 - phpunit::main(46) - Could not create database connection, Error: SQLSTATE[HY000] [1044] Access denied for user 'val_framework'@'localhost' to database 'val_framework_test'
Connect String: mysql:host=localhost;dbname=val_framework_test
1425587829358 - phpunit::main(46) - Could not create database connection, Error: SQLSTATE[HY000] [1044] Access denied for user 'val_framework'@'localhost' to database 'val_framework_test'
Connect String: mysql:host=localhost;dbname=val_framework_test
1425587829377 - phpunit::main(46) - Could not create database connection, Error: SQLSTATE[HY000] [1044] Access denied for user 'val_framework'@'localhost' to database 'val_framework_test'
Connect String: mysql:host=localhost;dbname=val_framework_test
1425587829395 - phpunit::main(46) - Could not create database connection, Error: SQLSTATE[HY000] [1044] Access denied for user 'val_framework'@'localhost' to database 'val_framework_test'
Connect String: mysql:host=localhost;dbname=val_framework_test
1425587829410 - phpunit::main(46) - PDOStatement::__set_state(array(
   'queryString' => 'INSERT INTO module_param ( module_ref, param_keyname, param_displayname, param_type, param_default_value), param_desc), range_high), range_low), enum_strings), is_required), is_array) VALUES (   :module_ref,  :param_keyname,  :param_displayname,  :param_type,  :param_default_value,  :param_desc,  :range_high,  :range_low,  :enum_strings,  :is_required,  :is_array)',
))
1425587829410 - phpunit::main(46) - Could not save to database getting result=false. Error: array (
  0 => '00000',
  1 => NULL,
  2 => NULL,
)
SQL: INSERT INTO module_param ( module_ref, param_keyname, param_displayname, param_type, param_default_value), param_desc), range_high), range_low), enum_strings), is_required), is_array) VALUES (   :module_ref,  :param_keyname,  :param_displayname,  :param_type,  :param_default_value,  :param_desc,  :range_high,  :range_low,  :enum_strings,  :is_required,  :is_array)
1425587923110 - phpunit::main(46) - Could not create database connection, Error: SQLSTATE[HY000] [1044] Access denied for user 'val_framework'@'localhost' to database 'val_framework_test'
Connect String: mysql:host=localhost;dbname=val_framework_test
1425587923128 - phpunit::main(46) - Could not create database connection, Error: SQLSTATE[HY000] [1044] Access denied for user 'val_framework'@'localhost' to database 'val_framework_test'
Connect String: mysql:host=localhost;dbname=val_framework_test
1425587923143 - phpunit::main(46) - Could not create database connection, Error: SQLSTATE[HY000] [1044] Access denied for user 'val_framework'@'localhost' to database 'val_framework_test'
Connect String: mysql:host=localhost;dbname=val_framework_test
1425587923146 - phpunit::main(46) - PDOStatement::__set_state(array(
   'queryString' => 'INSERT INTO module_param ( module_ref, param_keyname, param_displayname, param_type, param_default_value), param_desc), range_high), range_low), enum_strings), is_required), is_array) VALUES (   :module_ref,  :param_keyname,  :param_displayname,  :param_type,  :param_default_value,  :param_desc,  :range_high,  :range_low,  :enum_strings,  :is_required,  :is_array)',
))
1425587923146 - phpunit::main(46) - Could not save to database getting result=false. Error: array (
  0 => '00000',
  1 => NULL,
  2 => NULL,
)
SQL: INSERT INTO module_param ( module_ref, param_keyname, param_displayname, param_type, param_default_value), param_desc), range_high), range_low), enum_strings), is_required), is_array) VALUES (   :module_ref,  :param_keyname,  :param_displayname,  :param_type,  :param_default_value,  :param_desc,  :range_high,  :range_low,  :enum_strings,  :is_required,  :is_array)
1425587978752 - phpunit::main(46) - Could not create database connection, Error: SQLSTATE[HY000] [1044] Access denied for user 'val_framework'@'localhost' to database 'val_framework_test'
Connect String: mysql:host=localhost;dbname=val_framework_test
1425587978761 - phpunit::main(46) - Could not create database connection, Error: SQLSTATE[HY000] [1044] Access denied for user 'val_framework'@'localhost' to database 'val_framework_test'
Connect String: mysql:host=localhost;dbname=val_framework_test
1425587978766 - phpunit::main(46) - Could not create database connection, Error: SQLSTATE[HY000] [1044] Access denied for user 'val_framework'@'localhost' to database 'val_framework_test'
Connect String: mysql:host=localhost;dbname=val_framework_test
1425646913337 - phpunit::main(46) - PDOStatement::__set_state(array(
   'queryString' => 'DELETE FROM task',
))
1425647010975 - phpunit::main(46) - PDOStatement::__set_state(array(
   'queryString' => 'DELETE FROM task',
))
1425647010976 - phpunit::main(46) - vTaskDb could not update to database getting result=false. Error: array (
  0 => '00000',
  1 => NULL,
  2 => NULL,
)
SQL: DELETE FROM task
1428531942088 - install.php::install(25) - Could not create database connection, Error: SQLSTATE[HY000] [2002] No such file or directory
Connect String: mysql:host=localhost
1428532028281 - install.php::install(25) - Could not create database connection, Error: SQLSTATE[HY000] [2002] No such file or directory
Connect String: mysql:host=localhost
1428534099567 - test_code.php::getRootDb(5) - Could not create database connection, Error: SQLSTATE[HY000] [2002] No such file or directory
Connect String: mysql:host=localhost
1428534233018 - test_code.php::getRootDb(6) - Could not create database connection, Error: SQLSTATE[HY000] [2002] No such file or directory
Connect String: mysql:host=localhost
1428534260545 - test_code.php::getRootDb(6) - Could not create database connection, Error: SQLSTATE[HY000] [2002] No such file or directory
Connect String: mysql:host=localhost
1428534260560 - test_code.php::install(9) - Could not create database connection, Error: SQLSTATE[HY000] [2002] No such file or directory
Connect String: mysql:host=localhost
1428534311071 - test_code.php::getRootDb(6) - Could not create database connection, Error: SQLSTATE[HY000] [2002] No such file or directory
Connect String: mysql:host=localhost
1428535385804 - test_code.php::getRootDb(6) - Could not create database connection, Error: SQLSTATE[HY000] [2002] No such file or directory
Connect String: mysql:host=localhost
